<?xml version="1.0" encoding="UTF-8"?>
<testng-results ignored="0" total="1" passed="1" failed="0" skipped="0">
  <reporter-output>
  </reporter-output>
  <suite started-at="2025-03-18T16:31:51 IST" name="parameter testng suite" finished-at="2025-03-18T16:32:03 IST" duration-ms="11668">
    <groups>
    </groups>
    <test started-at="2025-03-18T16:31:51 IST" name="parameter testng test" finished-at="2025-03-18T16:32:03 IST" duration-ms="11668">
      <class name="com.parameterstestng.com.ParameterConcept">
        <test-method signature="signUpTest(java.lang.String,java.lang.String,java.lang.String,java.lang.String,java.lang.String)[pri:0, instance:com.parameterstestng.com.ParameterConcept@65fb9ffc]" started-at="2025-03-18T16:31:51 IST" name="signUpTest" finished-at="2025-03-18T16:32:03 IST" duration-ms="11648" status="PASS">
          <params>
            <param index="0">
              <value>
                <![CDATA[abhishek]]>
              </value>
            </param>
            <param index="1">
              <value>
                <![CDATA[tyagi]]>
              </value>
            </param>
            <param index="2">
              <value>
                <![CDATA[abhishek@123]]>
              </value>
            </param>
            <param index="3">
              <value>
                <![CDATA[abhishek@123]]>
              </value>
            </param>
            <param index="4">
              <value>
                <![CDATA[tyagiabhishek14@gmail.com]]>
              </value>
            </param>
          </params>
          <reporter-output>
          </reporter-output>
        </test-method> <!-- signUpTest -->
      </class> <!-- com.parameterstestng.com.ParameterConcept -->
    </test> <!-- parameter testng test -->
  </suite> <!-- parameter testng suite -->
</testng-results>
